0 info it worked if it ends with ok
1 verbose cli [ '/usr/bin/node', '/usr/bin/npm', 'install' ]
2 info using npm@1.4.28
3 info using node@v0.10.32
4 verbose node symlink /usr/bin/node
5 verbose readDependencies using package.json deps
6 verbose install where, deps [ '/home/titan/savannah/mfl_web',
6 verbose install   [ 'bower',
6 verbose install     'grunt',
6 verbose install     'grunt-bump',
6 verbose install     'grunt-cli',
6 verbose install     'grunt-coffeelint',
6 verbose install     'grunt-concurrent',
6 verbose install     'grunt-contrib-clean',
6 verbose install     'grunt-contrib-coffee',
6 verbose install     'grunt-contrib-concat',
6 verbose install     'grunt-contrib-connect',
6 verbose install     'grunt-contrib-copy',
6 verbose install     'grunt-contrib-jshint',
6 verbose install     'grunt-contrib-less',
6 verbose install     'grunt-contrib-uglify',
6 verbose install     'grunt-contrib-watch',
6 verbose install     'grunt-conventional-changelog',
6 verbose install     'grunt-html2js',
6 verbose install     'grunt-istanbul-coverage',
6 verbose install     'grunt-karma',
6 verbose install     'grunt-ngmin',
6 verbose install     'html-minifier',
6 verbose install     'istanbul',
6 verbose install     'jasmine-node',
6 verbose install     'karma',
6 verbose install     'karma-coffee-preprocessor',
6 verbose install     'karma-coverage',
6 verbose install     'karma-firefox-launcher',
6 verbose install     'karma-jasmine',
6 verbose install     'karma-phantomjs-launcher',
6 verbose install     'karma-threshold-reporter',
6 verbose install     'karma-spec-reporter',
6 verbose install     'phantomjs',
6 verbose install     'karma-mocha-reporter' ] ]
7 info preinstall mfl-public-frontend@0.0.1-a1
8 verbose readDependencies using package.json deps
9 verbose already installed skipping grunt-bump@0.0.6 /home/titan/savannah/mfl_web
10 verbose already installed skipping grunt-cli@^0.1.13 /home/titan/savannah/mfl_web
11 verbose already installed skipping grunt-coffeelint@~0.0.10 /home/titan/savannah/mfl_web
12 verbose already installed skipping grunt-concurrent@^0.5.0 /home/titan/savannah/mfl_web
13 verbose already installed skipping grunt-contrib-clean@^0.4.1 /home/titan/savannah/mfl_web
14 verbose already installed skipping grunt-contrib-coffee@^0.7.0 /home/titan/savannah/mfl_web
15 verbose already installed skipping grunt-contrib-concat@^0.3.0 /home/titan/savannah/mfl_web
16 verbose already installed skipping grunt-contrib-connect@^0.8.0 /home/titan/savannah/mfl_web
17 verbose already installed skipping grunt-contrib-copy@^0.4.1 /home/titan/savannah/mfl_web
18 verbose already installed skipping grunt-contrib-jshint@^0.4.3 /home/titan/savannah/mfl_web
19 verbose already installed skipping grunt-contrib-less@~0.11.0 /home/titan/savannah/mfl_web
20 verbose already installed skipping grunt-contrib-uglify@^0.2.7 /home/titan/savannah/mfl_web
21 verbose already installed skipping grunt-contrib-watch@^0.4.4 /home/titan/savannah/mfl_web
22 verbose already installed skipping grunt-conventional-changelog@^0.1.2 /home/titan/savannah/mfl_web
23 verbose already installed skipping grunt-html2js@^0.1.9 /home/titan/savannah/mfl_web
24 verbose already installed skipping grunt-istanbul-coverage@^0.1.0 /home/titan/savannah/mfl_web
25 verbose already installed skipping grunt-karma@^0.8.2 /home/titan/savannah/mfl_web
26 verbose already installed skipping grunt-ngmin@0.0.2 /home/titan/savannah/mfl_web
27 verbose already installed skipping html-minifier@^0.6.6 /home/titan/savannah/mfl_web
28 verbose already installed skipping istanbul@^0.3.2 /home/titan/savannah/mfl_web
29 verbose already installed skipping jasmine-node@^1.14.3 /home/titan/savannah/mfl_web
30 verbose already installed skipping karma@^0.12.9 /home/titan/savannah/mfl_web
31 verbose already installed skipping karma-coffee-preprocessor@^0.2.1 /home/titan/savannah/mfl_web
32 verbose already installed skipping karma-coverage@^0.2.4 /home/titan/savannah/mfl_web
33 verbose already installed skipping karma-firefox-launcher@^0.1.3 /home/titan/savannah/mfl_web
34 verbose already installed skipping karma-jasmine@^0.1.5 /home/titan/savannah/mfl_web
35 verbose already installed skipping karma-phantomjs-launcher@^0.1.4 /home/titan/savannah/mfl_web
36 verbose already installed skipping karma-threshold-reporter@^0.1.12 /home/titan/savannah/mfl_web
37 verbose already installed skipping karma-spec-reporter@0.0.13 /home/titan/savannah/mfl_web
38 verbose already installed skipping phantomjs@^1.9.7-8 /home/titan/savannah/mfl_web
39 verbose already installed skipping karma-mocha-reporter@~0.3.1 /home/titan/savannah/mfl_web
40 verbose already installed skipping bower@^1.3.5 /home/titan/savannah/mfl_web
41 verbose already installed skipping grunt@~0.4.1 /home/titan/savannah/mfl_web
42 silly resolved []
43 info build /home/titan/savannah/mfl_web
44 verbose linkStuff [ false, false, false, '/home/titan/savannah' ]
45 info linkStuff mfl-public-frontend@0.0.1-a1
46 verbose linkBins mfl-public-frontend@0.0.1-a1
47 verbose linkMans mfl-public-frontend@0.0.1-a1
48 verbose rebuildBundles mfl-public-frontend@0.0.1-a1
49 verbose rebuildBundles [ '.bin',
49 verbose rebuildBundles   'bower',
49 verbose rebuildBundles   'coffeelint',
49 verbose rebuildBundles   'grunt',
49 verbose rebuildBundles   'grunt-bump',
49 verbose rebuildBundles   'grunt-cli',
49 verbose rebuildBundles   'grunt-coffeelint',
49 verbose rebuildBundles   'grunt-concurrent',
49 verbose rebuildBundles   'grunt-contrib-clean',
49 verbose rebuildBundles   'grunt-contrib-coffee',
49 verbose rebuildBundles   'grunt-contrib-concat',
49 verbose rebuildBundles   'grunt-contrib-connect',
49 verbose rebuildBundles   'grunt-contrib-copy',
49 verbose rebuildBundles   'grunt-contrib-jshint',
49 verbose rebuildBundles   'grunt-contrib-less',
49 verbose rebuildBundles   'grunt-contrib-uglify',
49 verbose rebuildBundles   'grunt-contrib-watch',
49 verbose rebuildBundles   'grunt-conventional-changelog',
49 verbose rebuildBundles   'grunt-html2js',
49 verbose rebuildBundles   'grunt-istanbul-coverage',
49 verbose rebuildBundles   'grunt-karma',
49 verbose rebuildBundles   'grunt-ngmin',
49 verbose rebuildBundles   'html-minifier',
49 verbose rebuildBundles   'istanbul',
49 verbose rebuildBundles   'jasmine-node',
49 verbose rebuildBundles   'karma',
49 verbose rebuildBundles   'karma-coffee-preprocessor',
49 verbose rebuildBundles   'karma-coverage',
49 verbose rebuildBundles   'karma-firefox-launcher',
49 verbose rebuildBundles   'karma-jasmine',
49 verbose rebuildBundles   'karma-mocha-reporter',
49 verbose rebuildBundles   'karma-phantomjs-launcher',
49 verbose rebuildBundles   'karma-spec-reporter',
49 verbose rebuildBundles   'karma-threshold-reporter',
49 verbose rebuildBundles   'phantomjs' ]
50 verbose rebuild bundle /home/titan/savannah/mfl_web/node_modules/coffeelint
51 info build /home/titan/savannah/mfl_web/node_modules/coffeelint
52 info preinstall coffeelint@1.9.7
53 verbose linkStuff [ false,
53 verbose linkStuff   false,
53 verbose linkStuff   false,
53 verbose linkStuff   '/home/titan/savannah/mfl_web/node_modules' ]
54 info linkStuff coffeelint@1.9.7
55 verbose linkBins coffeelint@1.9.7
56 verbose link bins [ { coffeelint: './bin/coffeelint' },
56 verbose link bins   '/home/titan/savannah/mfl_web/node_modules/.bin',
56 verbose link bins   false ]
57 verbose linkMans coffeelint@1.9.7
58 verbose rebuildBundles coffeelint@1.9.7
59 verbose rebuildBundles [ '.bin',
59 verbose rebuildBundles   'coffee-script',
59 verbose rebuildBundles   'glob',
59 verbose rebuildBundles   'ignore',
59 verbose rebuildBundles   'optimist',
59 verbose rebuildBundles   'resolve',
59 verbose rebuildBundles   'strip-json-comments' ]
60 error Error: EACCES, unlink '/home/titan/savannah/mfl_web/node_modules/.bin/coffeelint'
60 error  { [Error: EACCES, unlink '/home/titan/savannah/mfl_web/node_modules/.bin/coffeelint']
60 error   errno: 3,
60 error   code: 'EACCES',
60 error   path: '/home/titan/savannah/mfl_web/node_modules/.bin/coffeelint' }
61 error Please try running this command again as root/Administrator.
62 error System Linux 3.13.0-37-generic
63 error command "/usr/bin/node" "/usr/bin/npm" "install"
64 error cwd /home/titan/savannah/mfl_web
65 error node -v v0.10.32
66 error npm -v 1.4.28
67 error path /home/titan/savannah/mfl_web/node_modules/.bin/coffeelint
68 error code EACCES
69 error errno 3
70 error stack Error: EACCES, unlink '/home/titan/savannah/mfl_web/node_modules/.bin/coffeelint'
71 verbose exit [ 3, true ]
